# JRE version: Java(TM) SE Runtime Environment (7.0_79-b15) (build 1.7.0_79-b15)
# Java VM: Java HotSpot(TM) 64-Bit Server VM (24.79-b02 mixed mode windows-amd64 compressed oops)
Heap
 PSYoungGen      total 671232K, used 483315K [0x00000007d6600000, 0x0000000800000000, 0x0000000800000000)
  eden space 660480K, 71% used [0x00000007d6600000,0x00000007f33acd50,0x00000007feb00000)
  from space 10752K, 98% used [0x00000007feb00000,0x00000007ff550030,0x00000007ff580000)
  to   space 10752K, 0% used [0x00000007ff580000,0x00000007ff580000,0x0000000800000000)
 ParOldGen       total 278528K, used 182421K [0x0000000783200000, 0x0000000794200000, 0x00000007d6600000)
  object space 278528K, 65% used [0x0000000783200000,0x000000078e4255c0,0x0000000794200000)
 PSPermGen       total 83968K, used 49183K [0x000000077e000000, 0x0000000783200000, 0x0000000783200000)
  object space 83968K, 58% used [0x000000077e000000,0x0000000781007fc0,0x0000000783200000)
GC Heap History (10 events):
Event: 531.077 GC heap before
{Heap before GC invocations=336 (full 3):
 PSYoungGen      total 671744K, used 668448K [0x00000007d6600000, 0x00000007fff00000, 0x0000000800000000)
  eden space 663552K, 100% used [0x00000007d6600000,0x00000007fee00000,0x00000007fee00000)
  from space 8192K, 59% used [0x00000007ff700000,0x00000007ffbc8030,0x00000007fff00000)
  to   space 8704K, 0% used [0x00000007fee00000,0x00000007fee00000,0x00000007ff680000)
 ParOldGen       total 278528K, used 182421K [0x0000000783200000, 0x0000000794200000, 0x00000007d6600000)
  object space 278528K, 65% used [0x0000000783200000,0x000000078e4255c0,0x0000000794200000)
 PSPermGen       total 83968K, used 49183K [0x000000077e000000, 0x0000000783200000, 0x0000000783200000)
  object space 83968K, 58% used [0x000000077e000000,0x0000000781007fc0,0x0000000783200000)
Event: 531.097 GC heap after
Heap after GC invocations=336 (full 3):
 PSYoungGen      total 672256K, used 6048K [0x00000007d6600000, 0x0000000800000000, 0x0000000800000000)
  eden space 663552K, 0% used [0x00000007d6600000,0x00000007d6600000,0x00000007fee00000)
  from space 8704K, 69% used [0x00000007fee00000,0x00000007ff3e8030,0x00000007ff680000)
  to   space 8704K, 0% used [0x00000007ff780000,0x00000007ff780000,0x0000000800000000)
 ParOldGen       total 278528K, used 182421K [0x0000000783200000, 0x0000000794200000, 0x00000007d6600000)
  object space 278528K, 65% used [0x0000000783200000,0x000000078e4255c0,0x0000000794200000)
 PSPermGen       total 83968K, used 49183K [0x000000077e000000, 0x0000000783200000, 0x0000000783200000)
  object space 83968K, 58% used [0x000000077e000000,0x0000000781007fc0,0x0000000783200000)
}
Event: 534.221 GC heap before
{Heap before GC invocations=337 (full 3):
 PSYoungGen      total 672256K, used 669600K [0x00000007d6600000, 0x0000000800000000, 0x0000000800000000)
  eden space 663552K, 100% used [0x00000007d6600000,0x00000007fee00000,0x00000007fee00000)
  from space 8704K, 69% used [0x00000007fee00000,0x00000007ff3e8030,0x00000007ff680000)
  to   space 8704K, 0% used [0x00000007ff780000,0x00000007ff780000,0x0000000800000000)
 ParOldGen       total 278528K, used 182421K [0x0000000783200000, 0x0000000794200000, 0x00000007d6600000)
  object space 278528K, 65% used [0x0000000783200000,0x000000078e4255c0,0x0000000794200000)
 PSPermGen       total 83968K, used 49183K [0x000000077e000000, 0x0000000783200000, 0x0000000783200000)
  object space 83968K, 58% used [0x000000077e000000,0x0000000781007fc0,0x0000000783200000)
Event: 534.245 GC heap after
Heap after GC invocations=337 (full 3):
 PSYoungGen      total 672256K, used 7168K [0x00000007d6600000, 0x0000000800000000, 0x0000000800000000)
  eden space 663552K, 0% used [0x00000007d6600000,0x00000007d6600000,0x00000007fee00000)
  from space 8704K, 82% used [0x00000007ff780000,0x00000007ffe80030,0x0000000800000000)
  to   space 9216K, 0% used [0x00000007fee00000,0x00000007fee00000,0x00000007ff700000)
 ParOldGen       total 278528K, used 182421K [0x0000000783200000, 0x0000000794200000, 0x00000007d6600000)
  object space 278528K, 65% used [0x0000000783200000,0x000000078e4255c0,0x0000000794200000)
 PSPermGen       total 83968K, used 49183K [0x000000077e000000, 0x0000000783200000, 0x0000000783200000)
  object space 83968K, 58% used [0x000000077e000000,0x0000000781007fc0,0x0000000783200000)
}
Event: 536.844 GC heap before
{Heap before GC invocations=338 (full 3):
 PSYoungGen      total 672256K, used 670720K [0x00000007d6600000, 0x0000000800000000, 0x0000000800000000)
  eden space 663552K, 100% used [0x00000007d6600000,0x00000007fee00000,0x00000007fee00000)
  from space 8704K, 82% used [0x00000007ff780000,0x00000007ffe80030,0x0000000800000000)
  to   space 9216K, 0% used [0x00000007fee00000,0x00000007fee00000,0x00000007ff700000)
 ParOldGen       total 278528K, used 182421K [0x0000000783200000, 0x0000000794200000, 0x00000007d6600000)
  object space 278528K, 65% used [0x0000000783200000,0x000000078e4255c0,0x0000000794200000)
 PSPermGen       total 83968K, used 49183K [0x000000077e000000, 0x0000000783200000, 0x0000000783200000)
  object space 83968K, 58% used [0x000000077e000000,0x0000000781007fc0,0x0000000783200000)
Event: 536.873 GC heap after
Heap after GC invocations=338 (full 3):
 PSYoungGen      total 672256K, used 8256K [0x00000007d6600000, 0x0000000800000000, 0x0000000800000000)
  eden space 663552K, 0% used [0x00000007d6600000,0x00000007d6600000,0x00000007fee00000)
  from space 8704K, 94% used [0x00000007fee00000,0x00000007ff610030,0x00000007ff680000)
  to   space 9728K, 0% used [0x00000007ff680000,0x00000007ff680000,0x0000000800000000)
 ParOldGen       total 278528K, used 182421K [0x0000000783200000, 0x0000000794200000, 0x00000007d6600000)
  object space 278528K, 65% used [0x0000000783200000,0x000000078e4255c0,0x0000000794200000)
 PSPermGen       total 83968K, used 49183K [0x000000077e000000, 0x0000000783200000, 0x0000000783200000)
  object space 83968K, 58% used [0x000000077e000000,0x0000000781007fc0,0x0000000783200000)
}
Event: 540.034 GC heap before
{Heap before GC invocations=339 (full 3):
 PSYoungGen      total 672256K, used 671808K [0x00000007d6600000, 0x0000000800000000, 0x0000000800000000)
  eden space 663552K, 100% used [0x00000007d6600000,0x00000007fee00000,0x00000007fee00000)
  from space 8704K, 94% used [0x00000007fee00000,0x00000007ff610030,0x00000007ff680000)
  to   space 9728K, 0% used [0x00000007ff680000,0x00000007ff680000,0x0000000800000000)
 ParOldGen       total 278528K, used 182421K [0x0000000783200000, 0x0000000794200000, 0x00000007d6600000)
  object space 278528K, 65% used [0x0000000783200000,0x000000078e4255c0,0x0000000794200000)
 PSPermGen       total 83968K, used 49183K [0x000000077e000000, 0x0000000783200000, 0x0000000783200000)
  object space 83968K, 58% used [0x000000077e000000,0x0000000781007fc0,0x0000000783200000)
Event: 540.062 GC heap after
Heap after GC invocations=339 (full 3):
 PSYoungGen      total 670208K, used 9440K [0x00000007d6600000, 0x0000000800000000, 0x0000000800000000)
  eden space 660480K, 0% used [0x00000007d6600000,0x00000007d6600000,0x00000007feb00000)
  from space 9728K, 97% used [0x00000007ff680000,0x00000007fffb8030,0x0000000800000000)
  to   space 10752K, 0% used [0x00000007feb00000,0x00000007feb00000,0x00000007ff580000)
 ParOldGen       total 278528K, used 182421K [0x0000000783200000, 0x0000000794200000, 0x00000007d6600000)
  object space 278528K, 65% used [0x0000000783200000,0x000000078e4255c0,0x0000000794200000)
 PSPermGen       total 83968K, used 49183K [0x000000077e000000, 0x0000000783200000, 0x0000000783200000)
  object space 83968K, 58% used [0x000000077e000000,0x0000000781007fc0,0x0000000783200000)
}
Event: 543.102 GC heap before
{Heap before GC invocations=340 (full 3):
 PSYoungGen      total 670208K, used 669920K [0x00000007d6600000, 0x0000000800000000, 0x0000000800000000)
  eden space 660480K, 100% used [0x00000007d6600000,0x00000007feb00000,0x00000007feb00000)
  from space 9728K, 97% used [0x00000007ff680000,0x00000007fffb8030,0x0000000800000000)
  to   space 10752K, 0% used [0x00000007feb00000,0x00000007feb00000,0x00000007ff580000)
 ParOldGen       total 278528K, used 182421K [0x0000000783200000, 0x0000000794200000, 0x00000007d6600000)
  object space 278528K, 65% used [0x0000000783200000,0x000000078e4255c0,0x0000000794200000)
 PSPermGen       total 83968K, used 49183K [0x000000077e000000, 0x0000000783200000, 0x0000000783200000)
  object space 83968K, 58% used [0x000000077e000000,0x0000000781007fc0,0x0000000783200000)
Event: 543.128 GC heap after
Heap after GC invocations=340 (full 3):
 PSYoungGen      total 671232K, used 10560K [0x00000007d6600000, 0x0000000800000000, 0x0000000800000000)
  eden space 660480K, 0% used [0x00000007d6600000,0x00000007d6600000,0x00000007feb00000)
  from space 10752K, 98% used [0x00000007feb00000,0x00000007ff550030,0x00000007ff580000)
  to   space 10752K, 0% used [0x00000007ff580000,0x00000007ff580000,0x0000000800000000)
 ParOldGen       total 278528K, used 182421K [0x0000000783200000, 0x0000000794200000, 0x00000007d6600000)
  object space 278528K, 65% used [0x0000000783200000,0x000000078e4255c0,0x0000000794200000)
 PSPermGen       total 83968K, used 49183K [0x000000077e000000, 0x0000000783200000, 0x0000000783200000)
  object space 83968K, 58% used [0x000000077e000000,0x0000000781007fc0,0x0000000783200000)
}

